<?xml version="1.0" encoding="UTF-8"?>
<testsuites name="jest tests" tests="2" failures="0" errors="0" time="1.906">
  <testsuite name="myextension" errors="0" failures="0" skipped="0" timestamp="2025-04-05T13:27:41" time="0.972" tests="1">
    <testcase classname="myextension should be tested" name="myextension should be tested" time="0.002">
    </testcase>
  </testsuite>
  <testsuite name="undefined" errors="0" failures="0" skipped="0" timestamp="2025-04-05T13:27:41" time="1.062" tests="1">
    <testcase classname=" renders pipeline list correctly" name=" renders pipeline list correctly" time="0.02">
    </testcase>
  </testsuite>
</testsuites>